<?xml version="1.0" encoding="UTF-8"?>
<!-- Generated by org.testng.reporters.JUnitReportReporter -->
<testsuite hostname="IN-PG02NJQN" failures="0" tests="1" name="Jenkins_Demo.Jenkins_project.AppTest" time="0.005" errors="0" timestamp="2023-10-03T01:44:12 IST" skipped="0">
  <testcase classname="Jenkins_Demo.Jenkins_project.AppTest" name="shouldAnswerWithTrue" time="0.005"/>
  <system-out/>
</testsuite> <!-- Jenkins_Demo.Jenkins_project.AppTest -->
