<?xml version="1.0" encoding="UTF-8"?>
<!-- Generated by org.testng.reporters.JUnitReportReporter -->
<testsuite hostname="IN-PG02NJQN" failures="0" tests="2" name="Jenkins_Demo.Jenkins_project.Test_case_1" time="4.272" errors="0" timestamp="2023-10-03T13:46:20 IST" skipped="0">
  <testcase classname="Jenkins_Demo.Jenkins_project.Test_case_1" name="test1" time="0.013"/>
  <system-out/>
  <testcase classname="Jenkins_Demo.Jenkins_project.Test_case_1" name="test2" time="4.259"/>
  <system-out/>
</testsuite> <!-- Jenkins_Demo.Jenkins_project.Test_case_1 -->
